have_header: checking for ruby.h... -------------------- yes

"gcc -o conftest -IC:/Ruby193/include/ruby-1.9.1/i386-mingw32 -IC:/Ruby193/include/ruby-1.9.1/ruby/backward -IC:/Ruby193/include/ruby-1.9.1 -I.     -O3 -g -Wextra -Wno-unused-parameter -Wno-parentheses -Wno-long-long -Wno-missing-field-initializers -Wpointer-arith -Wwrite-strings -Wdeclaration-after-statement -Wimplicit-function-declaration conftest.c  -L. -LC:/Ruby193/lib -L.      -lmsvcrt-ruby191  -lshell32 -lws2_32 -limagehlp  "
checked program was:
/* begin */
1: #include "ruby.h"
2: 
3: #include <winsock2.h>
4: #include <windows.h>
5: int main() {return 0;}
/* end */

"gcc -E -IC:/Ruby193/include/ruby-1.9.1/i386-mingw32 -IC:/Ruby193/include/ruby-1.9.1/ruby/backward -IC:/Ruby193/include/ruby-1.9.1 -I.     -O3 -g -Wextra -Wno-unused-parameter -Wno-parentheses -Wno-long-long -Wno-missing-field-initializers -Wpointer-arith -Wwrite-strings -Wdeclaration-after-statement -Wimplicit-function-declaration  conftest.c -o conftest.i"
checked program was:
/* begin */
1: #include "ruby.h"
2: 
3: #include <winsock2.h>
4: #include <windows.h>
5: #include <ruby.h>
/* end */

--------------------

